2025-12-25 00:52:22,597 - src.parser - INFO - Начало парсинга тарифов...
2025-12-25 00:52:22,599 - src.parser - INFO - Загрузка страницы: https://www.rialcom.ru/internet_tariffs/
2025-12-25 00:52:23,283 - src.parser - INFO - Страница успешно загружена
2025-12-25 00:52:23,284 - src.parser - INFO - Парсинг МКД интернет-тарифов...
2025-12-25 00:52:23,284 - src.parser - INFO - Найдено 4 интернет-тарифов МКД
2025-12-25 00:52:23,285 - src.parser - INFO - Парсинг МКД комбо-тарифов...
2025-12-25 00:52:23,286 - src.parser - INFO - Найдено 12 комбо-тарифов МКД
2025-12-25 00:52:23,287 - src.parser - INFO - Парсинг частных тарифов...
2025-12-25 00:52:23,302 - src.parser - INFO - Найдено 5 интернет-тарифов частных домов
2025-12-25 00:52:23,302 - src.parser - INFO - Парсинг частных комбо-тарифов...
2025-12-25 00:52:23,303 - src.parser - INFO - Найдено 12 комбо-тарифов частных домов
2025-12-25 00:52:23,305 - src.excel_exporter - INFO - Экспорт 81 тарифов в Excel...
2025-12-25 00:52:23,306 - __main__ - ERROR - Критическая ошибка: [Errno 13] Permission denied: 'tariffs.xlsx'
2025-12-25 00:52:37,853 - src.parser - INFO - Начало парсинга тарифов...
2025-12-25 00:52:37,853 - src.parser - INFO - Загрузка страницы: https://www.rialcom.ru/internet_tariffs/
2025-12-25 00:52:38,569 - src.parser - INFO - Страница успешно загружена
2025-12-25 00:52:38,569 - src.parser - INFO - Парсинг МКД интернет-тарифов...
2025-12-25 00:52:38,570 - src.parser - INFO - Найдено 4 интернет-тарифов МКД
2025-12-25 00:52:38,570 - src.parser - INFO - Парсинг МКД комбо-тарифов...
2025-12-25 00:52:38,571 - src.parser - INFO - Найдено 12 комбо-тарифов МКД
2025-12-25 00:52:38,572 - src.parser - INFO - Парсинг частных тарифов...
2025-12-25 00:52:38,572 - src.parser - INFO - Найдено 5 интернет-тарифов частных домов
2025-12-25 00:52:38,572 - src.parser - INFO - Парсинг частных комбо-тарифов...
2025-12-25 00:52:38,573 - src.parser - INFO - Найдено 12 комбо-тарифов частных домов
2025-12-25 00:52:38,573 - src.excel_exporter - INFO - Экспорт 81 тарифов в Excel...
2025-12-25 00:52:38,646 - src.excel_exporter - INFO - Файл сохранен: tariffs.xlsx
